Running: C:\Xilinx\13.4\ISE_DS\ISE\bin\nt\unwrapped\fuse.exe -intstyle ise -incremental -lib unisims_ver -lib unimacro_ver -lib xilinxcorelib_ver -o D:/57083/Verilog/tb_bcd7segment_isim_beh.exe -prj D:/57083/Verilog/tb_bcd7segment_beh.prj work.tb_bcd7segment work.glbl 
ISim O.87xd (signature 0x2f00eba5)
Number of CPUs detected in this system: 4
Turning on mult-threading, number of parallel sub-compilation jobs: 8 
Determining compilation order of HDL files
Analyzing Verilog file "D:/57083/Verilog/bcd7seg.v" into library work
Analyzing Verilog file "D:/57083/Verilog/tb_bcd7segment.v" into library work
Analyzing Verilog file "C:/Xilinx/13.4/ISE_DS/ISE//verilog/src/glbl.v" into library work
Starting static elaboration
Completed static elaboration
Fuse Memory Usage: 105256 KB
Fuse CPU Usage: 186 ms
Compiling module bcd7seg
Compiling module tb_bcd7segment
Compiling module glbl
Time Resolution for simulation is 1ps.
Waiting for 2 sub-compilation(s) to finish...
Compiled 3 Verilog Units
Built simulation executable D:/57083/Verilog/tb_bcd7segment_isim_beh.exe
Fuse Memory Usage: 108824 KB
Fuse CPU Usage: 186 ms
