Command line:
   tb_bcd7segment_isim_beh.exe
     -simmode  gui
     -simrunnum  0
     -socket  61901

Wed Dec 06 21:21:57 2017


 Elaboration Time: 0.015601 sec

 Current Memory Usage: 491.155 Meg

 Total Signals          : 15
 Total Nets             : 24
 Total Signal Drivers   : 7
 Total Blocks           : 3
 Total Primitive Blocks : 2
 Total Processes        : 11
 Total Traceable Variables  : 20
 Total Scalar Nets and Variables : 115
Total Line Count : 40

 Total Simulation Time: 0.015601 sec

 Current Memory Usage: 491.155 Meg

Wed Dec 06 21:24:24 2017

